<?xml version="1.0" encoding="UTF-8"?>
<coverage generated="1633740132553" clover="3.2.0">
  <project timestamp="1633740132553" name="All files">
    <metrics statements="2" coveredstatements="2" conditionals="2" coveredconditionals="2" methods="1" coveredmethods="1" elements="5" coveredelements="5" complexity="0" loc="2" ncloc="2" packages="1" files="1" classes="1"/>
    <file name="ControladorDeAuto.js" path="D:\UNIVERSIDAD\SEMESTRE 6\ING DE SW\PROYECTOS\Controlador de Auto\parcel-jest-base\src\ControladorDeAuto.js">
      <metrics statements="2" coveredstatements="2" conditionals="2" coveredconditionals="2" methods="1" coveredmethods="1"/>
      <line num="2" count="5" type="cond" truecount="2" falsecount="0"/>
      <line num="3" count="3" type="stmt"/>
    </file>
  </project>
</coverage>
