{"D:\\UNIVERSIDAD\\SEMESTRE 6\\ING DE SW\\PROYECTOS\\Controlador de Auto\\parcel-jest-base\\src\\ControladorDeAuto.js": {"path":"D:\\UNIVERSIDAD\\SEMESTRE 6\\ING DE SW\\PROYECTOS\\Controlador de Auto\\parcel-jest-base\\src\\ControladorDeAuto.js","statementMap":{"0":{"start":{"line":2,"column":2},"end":{"line":2,"column":49}},"1":{"start":{"line":2,"column":34},"end":{"line":2,"column":49}},"2":{"start":{"line":3,"column":2},"end":{"line":3,"column":52}},"3":{"start":{"line":3,"column":37},"end":{"line":3,"column":52}},"4":{"start":{"line":4,"column":2},"end":{"line":4,"column":18}}},"fnMap":{"0":{"name":"controlarAuto","decl":{"start":{"line":1,"column":9},"end":{"line":1,"column":22}},"loc":{"start":{"line":1,"column":44},"end":{"line":5,"column":1}},"line":1}},"branchMap":{"0":{"loc":{"start":{"line":2,"column":2},"end":{"line":2,"column":49}},"type":"if","locations":[{"start":{"line":2,"column":2},"end":{"line":2,"column":49}},{"start":{"line":2,"column":2},"end":{"line":2,"column":49}}],"line":2},"1":{"loc":{"start":{"line":3,"column":2},"end":{"line":3,"column":52}},"type":"if","locations":[{"start":{"line":3,"column":2},"end":{"line":3,"column":52}},{"start":{"line":3,"column":2},"end":{"line":3,"column":52}}],"line":3}},"s":{"0":6,"1":1,"2":5,"3":2,"4":3},"f":{"0":6},"b":{"0":[1,5],"1":[2,3]},"_coverageSchema":"1a1c01bbd47fc00a2c39e90264f33305004495a9","hash":"993d9ad1560ab5374fa1fa8e891fc4685e886477"}
}
