{"D:\\UNIVERSIDAD\\SEMESTRE 6\\ING DE SW\\PROYECTOS\\Controlador de Auto\\parcel-jest-base\\src\\ControladorDeAuto.js": {"path":"D:\\UNIVERSIDAD\\SEMESTRE 6\\ING DE SW\\PROYECTOS\\Controlador de Auto\\parcel-jest-base\\src\\ControladorDeAuto.js","statementMap":{"0":{"start":{"line":2,"column":2},"end":{"line":2,"column":56}},"1":{"start":{"line":2,"column":41},"end":{"line":2,"column":56}},"2":{"start":{"line":3,"column":2},"end":{"line":3,"column":52}},"3":{"start":{"line":3,"column":37},"end":{"line":3,"column":52}},"4":{"start":{"line":4,"column":2},"end":{"line":4,"column":18}}},"fnMap":{"0":{"name":"controlarAuto","decl":{"start":{"line":1,"column":9},"end":{"line":1,"column":22}},"loc":{"start":{"line":1,"column":44},"end":{"line":5,"column":1}},"line":1}},"branchMap":{"0":{"loc":{"start":{"line":2,"column":2},"end":{"line":2,"column":56}},"type":"if","locations":[{"start":{"line":2,"column":2},"end":{"line":2,"column":56}},{"start":{"line":2,"column":2},"end":{"line":2,"column":56}}],"line":2},"1":{"loc":{"start":{"line":3,"column":2},"end":{"line":3,"column":52}},"type":"if","locations":[{"start":{"line":3,"column":2},"end":{"line":3,"column":52}},{"start":{"line":3,"column":2},"end":{"line":3,"column":52}}],"line":3}},"s":{"0":7,"1":2,"2":5,"3":2,"4":3},"f":{"0":7},"b":{"0":[2,5],"1":[2,3]},"_coverageSchema":"1a1c01bbd47fc00a2c39e90264f33305004495a9","hash":"8b944abd0db2e0d68e5388ddb694202fb9dc0ee3"}
}
